[      79ms] [INFO] %cDownload the React DevTools for a better development experience: https://react.dev/link/react-devtools font-weight:bold @ http://localhost:3000/_next/static/chunks/node_modules_next_dist_115brz8._.js:2431
[      86ms] [LOG] [HMR] connected @ http://localhost:3000/_next/static/chunks/node_modules_next_dist_115brz8._.js:2431
[   45113ms] [ERROR] WebSocket connection to 'ws://localhost:3000/_next/webpack-hmr?id=lrykJ_jKxnHvG2EI2KXJ5' failed: Error in connection establishment: net::ERR_CONNECTION_REFUSED @ http://localhost:3000/_next/static/chunks/node_modules_next_dist_client_0fhqo1d._.js:13299
[   46115ms] [ERROR] WebSocket connection to 'ws://localhost:3000/_next/webpack-hmr?id=lrykJ_jKxnHvG2EI2KXJ5' failed: Error in connection establishment: net::ERR_CONNECTION_REFUSED @ http://localhost:3000/_next/static/chunks/node_modules_next_dist_client_0fhqo1d._.js:13299
[   47119ms] [LOG] [HMR] connected @ http://localhost:3000/_next/static/chunks/node_modules_next_dist_115brz8._.js:2431
[   47367ms] [INFO] %cDownload the React DevTools for a better development experience: https://react.dev/link/react-devtools font-weight:bold @ http://localhost:3000/_next/static/chunks/node_modules_next_dist_115brz8._.js:2431
[   47378ms] [LOG] [HMR] connected @ http://localhost:3000/_next/static/chunks/node_modules_next_dist_115brz8._.js:2431
[  179394ms] [ERROR] WebSocket connection to 'ws://localhost:3000/_next/webpack-hmr?id=jPdfP68Oo6F93YCLl1CkI' failed:  @ http://localhost:3000/_next/static/chunks/node_modules_next_dist_client_0fhqo1d._.js:13299
[  180400ms] [ERROR] WebSocket connection to 'ws://localhost:3000/_next/webpack-hmr?id=jPdfP68Oo6F93YCLl1CkI' failed: Error in connection establishment: net::ERR_CONNECTION_REFUSED @ http://localhost:3000/_next/static/chunks/node_modules_next_dist_client_0fhqo1d._.js:13299
[  181402ms] [LOG] [HMR] connected @ http://localhost:3000/_next/static/chunks/node_modules_next_dist_115brz8._.js:2431
[  181714ms] [INFO] %cDownload the React DevTools for a better development experience: https://react.dev/link/react-devtools font-weight:bold @ http://localhost:3000/_next/static/chunks/node_modules_next_dist_115brz8._.js:2431
[  181723ms] [LOG] [HMR] connected @ http://localhost:3000/_next/static/chunks/node_modules_next_dist_115brz8._.js:2431
[  225409ms] [ERROR] WebSocket connection to 'ws://localhost:3000/_next/webpack-hmr?id=gZWKYRcIBYZBOJQp8NoBc' failed:  @ http://localhost:3000/_next/static/chunks/node_modules_next_dist_client_0fhqo1d._.js:13299
[  226413ms] [ERROR] WebSocket connection to 'ws://localhost:3000/_next/webpack-hmr?id=gZWKYRcIBYZBOJQp8NoBc' failed: Error in connection establishment: net::ERR_CONNECTION_REFUSED @ http://localhost:3000/_next/static/chunks/node_modules_next_dist_client_0fhqo1d._.js:13299
[  227416ms] [ERROR] WebSocket connection to 'ws://localhost:3000/_next/webpack-hmr?id=gZWKYRcIBYZBOJQp8NoBc' failed: Error in connection establishment: net::ERR_CONNECTION_REFUSED @ http://localhost:3000/_next/static/chunks/node_modules_next_dist_client_0fhqo1d._.js:13299
[  228418ms] [ERROR] WebSocket connection to 'ws://localhost:3000/_next/webpack-hmr?id=gZWKYRcIBYZBOJQp8NoBc' failed: Error in connection establishment: net::ERR_CONNECTION_REFUSED @ http://localhost:3000/_next/static/chunks/node_modules_next_dist_client_0fhqo1d._.js:13299
[  229422ms] [ERROR] WebSocket connection to 'ws://localhost:3000/_next/webpack-hmr?id=gZWKYRcIBYZBOJQp8NoBc' failed: Error in connection establishment: net::ERR_CONNECTION_REFUSED @ http://localhost:3000/_next/static/chunks/node_modules_next_dist_client_0fhqo1d._.js:13299
[  230426ms] [ERROR] WebSocket connection to 'ws://localhost:3000/_next/webpack-hmr?id=gZWKYRcIBYZBOJQp8NoBc' failed: Error in connection establishment: net::ERR_CONNECTION_REFUSED @ http://localhost:3000/_next/static/chunks/node_modules_next_dist_client_0fhqo1d._.js:13299
[  235431ms] [ERROR] WebSocket connection to 'ws://localhost:3000/_next/webpack-hmr?id=gZWKYRcIBYZBOJQp8NoBc' failed: Error in connection establishment: net::ERR_CONNECTION_REFUSED @ http://localhost:3000/_next/static/chunks/node_modules_next_dist_client_0fhqo1d._.js:13299
[  240443ms] [ERROR] WebSocket connection to 'ws://localhost:3000/_next/webpack-hmr?id=gZWKYRcIBYZBOJQp8NoBc' failed: Error in connection establishment: net::ERR_CONNECTION_REFUSED @ http://localhost:3000/_next/static/chunks/node_modules_next_dist_client_0fhqo1d._.js:13299
[  245461ms] [ERROR] WebSocket connection to 'ws://localhost:3000/_next/webpack-hmr?id=gZWKYRcIBYZBOJQp8NoBc' failed: Error in connection establishment: net::ERR_CONNECTION_REFUSED @ http://localhost:3000/_next/static/chunks/node_modules_next_dist_client_0fhqo1d._.js:13299
[  250488ms] [ERROR] WebSocket connection to 'ws://localhost:3000/_next/webpack-hmr?id=gZWKYRcIBYZBOJQp8NoBc' failed: Error in connection establishment: net::ERR_CONNECTION_REFUSED @ http://localhost:3000/_next/static/chunks/node_modules_next_dist_client_0fhqo1d._.js:13299
[  255520ms] [ERROR] WebSocket connection to 'ws://localhost:3000/_next/webpack-hmr?id=gZWKYRcIBYZBOJQp8NoBc' failed: Error in connection establishment: net::ERR_CONNECTION_REFUSED @ http://localhost:3000/_next/static/chunks/node_modules_next_dist_client_0fhqo1d._.js:13299
[  260625ms] [ERROR] WebSocket connection to 'ws://localhost:3000/_next/webpack-hmr?id=gZWKYRcIBYZBOJQp8NoBc' failed: Error in connection establishment: net::ERR_CONNECTION_REFUSED @ http://localhost:3000/_next/static/chunks/node_modules_next_dist_client_0fhqo1d._.js:13299
[  265699ms] [LOG] [HMR] connected @ http://localhost:3000/_next/static/chunks/node_modules_next_dist_115brz8._.js:2431
[  265824ms] [INFO] %cDownload the React DevTools for a better development experience: https://react.dev/link/react-devtools font-weight:bold @ http://localhost:3000/_next/static/chunks/node_modules_next_dist_115brz8._.js:2431
[  265835ms] [LOG] [HMR] connected @ http://localhost:3000/_next/static/chunks/node_modules_next_dist_115brz8._.js:2431
[  338234ms] [ERROR] WebSocket connection to 'ws://localhost:3000/_next/webpack-hmr?id=wIvDbG9bscBEPmF-i01Sf' failed: Error in connection establishment: net::ERR_CONNECTION_REFUSED @ http://localhost:3000/_next/static/chunks/node_modules_next_dist_client_0fhqo1d._.js:13299
[  339239ms] [ERROR] WebSocket connection to 'ws://localhost:3000/_next/webpack-hmr?id=wIvDbG9bscBEPmF-i01Sf' failed: Error in connection establishment: net::ERR_CONNECTION_REFUSED @ http://localhost:3000/_next/static/chunks/node_modules_next_dist_client_0fhqo1d._.js:13299
[  340241ms] [ERROR] WebSocket connection to 'ws://localhost:3000/_next/webpack-hmr?id=wIvDbG9bscBEPmF-i01Sf' failed: Error in connection establishment: net::ERR_CONNECTION_REFUSED @ http://localhost:3000/_next/static/chunks/node_modules_next_dist_client_0fhqo1d._.js:13299
[  341244ms] [ERROR] WebSocket connection to 'ws://localhost:3000/_next/webpack-hmr?id=wIvDbG9bscBEPmF-i01Sf' failed: Error in connection establishment: net::ERR_CONNECTION_REFUSED @ http://localhost:3000/_next/static/chunks/node_modules_next_dist_client_0fhqo1d._.js:13299
[  342245ms] [ERROR] WebSocket connection to 'ws://localhost:3000/_next/webpack-hmr?id=wIvDbG9bscBEPmF-i01Sf' failed: Error in connection establishment: net::ERR_CONNECTION_REFUSED @ http://localhost:3000/_next/static/chunks/node_modules_next_dist_client_0fhqo1d._.js:13299
[  347252ms] [ERROR] WebSocket connection to 'ws://localhost:3000/_next/webpack-hmr?id=wIvDbG9bscBEPmF-i01Sf' failed: Error in connection establishment: net::ERR_CONNECTION_REFUSED @ http://localhost:3000/_next/static/chunks/node_modules_next_dist_client_0fhqo1d._.js:13299
[  352258ms] [ERROR] WebSocket connection to 'ws://localhost:3000/_next/webpack-hmr?id=wIvDbG9bscBEPmF-i01Sf' failed: Error in connection establishment: net::ERR_CONNECTION_REFUSED @ http://localhost:3000/_next/static/chunks/node_modules_next_dist_client_0fhqo1d._.js:13299
[  357274ms] [ERROR] WebSocket connection to 'ws://localhost:3000/_next/webpack-hmr?id=wIvDbG9bscBEPmF-i01Sf' failed: Error in connection establishment: net::ERR_CONNECTION_REFUSED @ http://localhost:3000/_next/static/chunks/node_modules_next_dist_client_0fhqo1d._.js:13299
[  362291ms] [ERROR] WebSocket connection to 'ws://localhost:3000/_next/webpack-hmr?id=wIvDbG9bscBEPmF-i01Sf' failed: Error in connection establishment: net::ERR_CONNECTION_REFUSED @ http://localhost:3000/_next/static/chunks/node_modules_next_dist_client_0fhqo1d._.js:13299
[  367350ms] [LOG] [HMR] connected @ http://localhost:3000/_next/static/chunks/node_modules_next_dist_115brz8._.js:2431
[  367432ms] [INFO] %cDownload the React DevTools for a better development experience: https://react.dev/link/react-devtools font-weight:bold @ http://localhost:3000/_next/static/chunks/node_modules_next_dist_115brz8._.js:2431
[  367440ms] [LOG] [HMR] connected @ http://localhost:3000/_next/static/chunks/node_modules_next_dist_115brz8._.js:2431
[  396952ms] [ERROR] WebSocket connection to 'ws://localhost:3000/_next/webpack-hmr?id=zjxm_NJvheYlDKrDoWcJn' failed:  @ http://localhost:3000/_next/static/chunks/node_modules_next_dist_client_0fhqo1d._.js:13299
[  397960ms] [ERROR] WebSocket connection to 'ws://localhost:3000/_next/webpack-hmr?id=zjxm_NJvheYlDKrDoWcJn' failed: Error in connection establishment: net::ERR_CONNECTION_REFUSED @ http://localhost:3000/_next/static/chunks/node_modules_next_dist_client_0fhqo1d._.js:13299
[  398962ms] [ERROR] WebSocket connection to 'ws://localhost:3000/_next/webpack-hmr?id=zjxm_NJvheYlDKrDoWcJn' failed: Error in connection establishment: net::ERR_CONNECTION_REFUSED @ http://localhost:3000/_next/static/chunks/node_modules_next_dist_client_0fhqo1d._.js:13299
[  399967ms] [ERROR] WebSocket connection to 'ws://localhost:3000/_next/webpack-hmr?id=zjxm_NJvheYlDKrDoWcJn' failed: Error in connection establishment: net::ERR_CONNECTION_REFUSED @ http://localhost:3000/_next/static/chunks/node_modules_next_dist_client_0fhqo1d._.js:13299
[  400970ms] [ERROR] WebSocket connection to 'ws://localhost:3000/_next/webpack-hmr?id=zjxm_NJvheYlDKrDoWcJn' failed: Error in connection establishment: net::ERR_CONNECTION_REFUSED @ http://localhost:3000/_next/static/chunks/node_modules_next_dist_client_0fhqo1d._.js:13299
[  401973ms] [ERROR] WebSocket connection to 'ws://localhost:3000/_next/webpack-hmr?id=zjxm_NJvheYlDKrDoWcJn' failed: Error in connection establishment: net::ERR_CONNECTION_REFUSED @ http://localhost:3000/_next/static/chunks/node_modules_next_dist_client_0fhqo1d._.js:13299
[  406978ms] [ERROR] WebSocket connection to 'ws://localhost:3000/_next/webpack-hmr?id=zjxm_NJvheYlDKrDoWcJn' failed: Error in connection establishment: net::ERR_CONNECTION_REFUSED @ http://localhost:3000/_next/static/chunks/node_modules_next_dist_client_0fhqo1d._.js:13299
[  411982ms] [ERROR] WebSocket connection to 'ws://localhost:3000/_next/webpack-hmr?id=zjxm_NJvheYlDKrDoWcJn' failed: Error in connection establishment: net::ERR_CONNECTION_REFUSED @ http://localhost:3000/_next/static/chunks/node_modules_next_dist_client_0fhqo1d._.js:13299
[  416999ms] [LOG] [HMR] connected @ http://localhost:3000/_next/static/chunks/node_modules_next_dist_115brz8._.js:2431
[  417103ms] [INFO] %cDownload the React DevTools for a better development experience: https://react.dev/link/react-devtools font-weight:bold @ http://localhost:3000/_next/static/chunks/node_modules_next_dist_115brz8._.js:2431
[  417113ms] [LOG] [HMR] connected @ http://localhost:3000/_next/static/chunks/node_modules_next_dist_115brz8._.js:2431
[  466877ms] [LOG] [Fast Refresh] rebuilding @ http://localhost:3000/_next/static/chunks/node_modules_next_dist_115brz8._.js:2431
[  467052ms] [LOG] [Fast Refresh] done in 211ms @ http://localhost:3000/_next/static/chunks/node_modules_next_dist_115brz8._.js:2431
